[2021-05-06T00:01:01.666] [WARN] access - ::1 - - "GET /account/article-list HTTP/1.1" 302 72 "http://localhost:3000/account" "Mozilla/5.0 (Windows NT 10.0; Win64; x64) AppleWebKit/537.36 (KHTML, like Gecko) Chrome/90.0.4430.93 Safari/537.36"
[2021-05-06T00:01:01.676] [INFO] access - ::1 - - "GET /account/login HTTP/1.1" 200 1452 "http://localhost:3000/account" "Mozilla/5.0 (Windows NT 10.0; Win64; x64) AppleWebKit/537.36 (KHTML, like Gecko) Chrome/90.0.4430.93 Safari/537.36"
[2021-05-06T00:01:09.326] [WARN] access - ::1 - - "POST /account/login HTTP/1.1" 302 72 "http://localhost:3000/account/login" "Mozilla/5.0 (Windows NT 10.0; Win64; x64) AppleWebKit/537.36 (KHTML, like Gecko) Chrome/90.0.4430.93 Safari/537.36"
[2021-05-06T00:01:09.340] [INFO] access - ::1 - - "GET /account/login HTTP/1.1" 200 1608 "http://localhost:3000/account/login" "Mozilla/5.0 (Windows NT 10.0; Win64; x64) AppleWebKit/537.36 (KHTML, like Gecko) Chrome/90.0.4430.93 Safari/537.36"
[2021-05-06T00:01:12.721] [WARN] access - ::1 - - "POST /account/login HTTP/1.1" 302 60 "http://localhost:3000/account/login" "Mozilla/5.0 (Windows NT 10.0; Win64; x64) AppleWebKit/537.36 (KHTML, like Gecko) Chrome/90.0.4430.93 Safari/537.36"
[2021-05-06T00:01:12.731] [WARN] access - ::1 - - "GET /account HTTP/1.1" 304 - "http://localhost:3000/account/login" "Mozilla/5.0 (Windows NT 10.0; Win64; x64) AppleWebKit/537.36 (KHTML, like Gecko) Chrome/90.0.4430.93 Safari/537.36"
[2021-05-06T00:01:12.749] [ERROR] access - ::1 - - "GET /docs/5.0/dist/js/bootstrap.bundle.min.js HTTP/1.1" 404 6369 "http://localhost:3000/account" "Mozilla/5.0 (Windows NT 10.0; Win64; x64) AppleWebKit/537.36 (KHTML, like Gecko) Chrome/90.0.4430.93 Safari/537.36"
[2021-05-06T00:01:12.759] [ERROR] access - ::1 - - "GET /docs/5.0/dist/js/bootstrap.bundle.min.js HTTP/1.1" 404 6369 "http://localhost:3000/account" "Mozilla/5.0 (Windows NT 10.0; Win64; x64) AppleWebKit/537.36 (KHTML, like Gecko) Chrome/90.0.4430.93 Safari/537.36"
[2021-05-06T00:01:13.561] [INFO] access - ::1 - - "GET /account/article-list HTTP/1.1" 200 27214 "http://localhost:3000/account" "Mozilla/5.0 (Windows NT 10.0; Win64; x64) AppleWebKit/537.36 (KHTML, like Gecko) Chrome/90.0.4430.93 Safari/537.36"
[2021-05-06T00:01:13.577] [ERROR] access - ::1 - - "GET /public20210425203127202104252031271082518%20(2).jpg HTTP/1.1" 404 6369 "http://localhost:3000/account/article-list" "Mozilla/5.0 (Windows NT 10.0; Win64; x64) AppleWebKit/537.36 (KHTML, like Gecko) Chrome/90.0.4430.93 Safari/537.36"
[2021-05-06T00:01:13.584] [ERROR] access - ::1 - - "GET /docs/5.0/dist/js/bootstrap.bundle.min.js HTTP/1.1" 404 6369 "http://localhost:3000/account/article-list" "Mozilla/5.0 (Windows NT 10.0; Win64; x64) AppleWebKit/537.36 (KHTML, like Gecko) Chrome/90.0.4430.93 Safari/537.36"
[2021-05-06T00:02:47.750] [WARN] access - ::1 - - "GET /account/article-list HTTP/1.1" 302 72 "http://localhost:3000/account" "Mozilla/5.0 (Windows NT 10.0; Win64; x64) AppleWebKit/537.36 (KHTML, like Gecko) Chrome/90.0.4430.93 Safari/537.36"
[2021-05-06T00:02:47.761] [INFO] access - ::1 - - "GET /account/login HTTP/1.1" 200 1452 "http://localhost:3000/account" "Mozilla/5.0 (Windows NT 10.0; Win64; x64) AppleWebKit/537.36 (KHTML, like Gecko) Chrome/90.0.4430.93 Safari/537.36"
[2021-05-06T00:02:51.829] [WARN] access - ::1 - - "POST /account/login HTTP/1.1" 302 60 "http://localhost:3000/account/login" "Mozilla/5.0 (Windows NT 10.0; Win64; x64) AppleWebKit/537.36 (KHTML, like Gecko) Chrome/90.0.4430.93 Safari/537.36"
[2021-05-06T00:02:51.847] [WARN] access - ::1 - - "GET /account HTTP/1.1" 304 - "http://localhost:3000/account/login" "Mozilla/5.0 (Windows NT 10.0; Win64; x64) AppleWebKit/537.36 (KHTML, like Gecko) Chrome/90.0.4430.93 Safari/537.36"
[2021-05-06T00:02:51.863] [ERROR] access - ::1 - - "GET /docs/5.0/dist/js/bootstrap.bundle.min.js HTTP/1.1" 404 6369 "http://localhost:3000/account" "Mozilla/5.0 (Windows NT 10.0; Win64; x64) AppleWebKit/537.36 (KHTML, like Gecko) Chrome/90.0.4430.93 Safari/537.36"
[2021-05-06T00:02:52.804] [INFO] access - ::1 - - "GET /account/article-list HTTP/1.1" 200 27211 "http://localhost:3000/account" "Mozilla/5.0 (Windows NT 10.0; Win64; x64) AppleWebKit/537.36 (KHTML, like Gecko) Chrome/90.0.4430.93 Safari/537.36"
[2021-05-06T00:02:52.822] [ERROR] access - ::1 - - "GET /public20210425203127202104252031271082518%20(2).jpg HTTP/1.1" 404 6369 "http://localhost:3000/account/article-list" "Mozilla/5.0 (Windows NT 10.0; Win64; x64) AppleWebKit/537.36 (KHTML, like Gecko) Chrome/90.0.4430.93 Safari/537.36"
[2021-05-06T00:02:52.825] [ERROR] access - ::1 - - "GET /docs/5.0/dist/js/bootstrap.bundle.min.js HTTP/1.1" 404 6369 "http://localhost:3000/account/article-list" "Mozilla/5.0 (Windows NT 10.0; Win64; x64) AppleWebKit/537.36 (KHTML, like Gecko) Chrome/90.0.4430.93 Safari/537.36"
[2021-05-06T00:03:14.273] [ERROR] access - ::1 - - "GET /docs/5.0/assets/img/favicons/manifest.json HTTP/1.1" 404 6369 "http://localhost:3000/account/article-list" "Mozilla/5.0 (Windows NT 10.0; Win64; x64) AppleWebKit/537.36 (KHTML, like Gecko) Chrome/90.0.4430.93 Safari/537.36"
[2021-05-06T00:03:54.020] [WARN] access - ::1 - - "GET /account/article-list HTTP/1.1" 302 72 "http://localhost:3000/account" "Mozilla/5.0 (Windows NT 10.0; Win64; x64) AppleWebKit/537.36 (KHTML, like Gecko) Chrome/90.0.4430.93 Safari/537.36"
[2021-05-06T00:03:54.030] [INFO] access - ::1 - - "GET /account/login HTTP/1.1" 200 1452 "http://localhost:3000/account" "Mozilla/5.0 (Windows NT 10.0; Win64; x64) AppleWebKit/537.36 (KHTML, like Gecko) Chrome/90.0.4430.93 Safari/537.36"
[2021-05-06T00:03:57.312] [WARN] access - ::1 - - "POST /account/login HTTP/1.1" 302 60 "http://localhost:3000/account/login" "Mozilla/5.0 (Windows NT 10.0; Win64; x64) AppleWebKit/537.36 (KHTML, like Gecko) Chrome/90.0.4430.93 Safari/537.36"
[2021-05-06T00:03:57.329] [WARN] access - ::1 - - "GET /account HTTP/1.1" 304 - "http://localhost:3000/account/login" "Mozilla/5.0 (Windows NT 10.0; Win64; x64) AppleWebKit/537.36 (KHTML, like Gecko) Chrome/90.0.4430.93 Safari/537.36"
[2021-05-06T00:03:57.350] [ERROR] access - ::1 - - "GET /docs/5.0/dist/js/bootstrap.bundle.min.js HTTP/1.1" 404 6369 "http://localhost:3000/account" "Mozilla/5.0 (Windows NT 10.0; Win64; x64) AppleWebKit/537.36 (KHTML, like Gecko) Chrome/90.0.4430.93 Safari/537.36"
[2021-05-06T00:03:57.361] [ERROR] access - ::1 - - "GET /docs/5.0/dist/js/bootstrap.bundle.min.js HTTP/1.1" 404 6369 "http://localhost:3000/account" "Mozilla/5.0 (Windows NT 10.0; Win64; x64) AppleWebKit/537.36 (KHTML, like Gecko) Chrome/90.0.4430.93 Safari/537.36"
[2021-05-06T00:03:58.325] [INFO] access - ::1 - - "GET /account/article-list HTTP/1.1" 200 27214 "http://localhost:3000/account" "Mozilla/5.0 (Windows NT 10.0; Win64; x64) AppleWebKit/537.36 (KHTML, like Gecko) Chrome/90.0.4430.93 Safari/537.36"
[2021-05-06T00:03:58.345] [ERROR] access - ::1 - - "GET /docs/5.0/dist/js/bootstrap.bundle.min.js HTTP/1.1" 404 6369 "http://localhost:3000/account/article-list" "Mozilla/5.0 (Windows NT 10.0; Win64; x64) AppleWebKit/537.36 (KHTML, like Gecko) Chrome/90.0.4430.93 Safari/537.36"
[2021-05-06T00:03:58.349] [ERROR] access - ::1 - - "GET /public20210425203127202104252031271082518%20(2).jpg HTTP/1.1" 404 6369 "http://localhost:3000/account/article-list" "Mozilla/5.0 (Windows NT 10.0; Win64; x64) AppleWebKit/537.36 (KHTML, like Gecko) Chrome/90.0.4430.93 Safari/537.36"
[2021-05-06T00:04:39.943] [WARN] access - ::1 - - "GET /account/article-list HTTP/1.1" 302 72 "http://localhost:3000/account" "Mozilla/5.0 (Windows NT 10.0; Win64; x64) AppleWebKit/537.36 (KHTML, like Gecko) Chrome/90.0.4430.93 Safari/537.36"
[2021-05-06T00:04:39.952] [INFO] access - ::1 - - "GET /account/login HTTP/1.1" 200 1452 "http://localhost:3000/account" "Mozilla/5.0 (Windows NT 10.0; Win64; x64) AppleWebKit/537.36 (KHTML, like Gecko) Chrome/90.0.4430.93 Safari/537.36"
[2021-05-06T00:04:43.521] [WARN] access - ::1 - - "POST /account/login HTTP/1.1" 302 60 "http://localhost:3000/account/login" "Mozilla/5.0 (Windows NT 10.0; Win64; x64) AppleWebKit/537.36 (KHTML, like Gecko) Chrome/90.0.4430.93 Safari/537.36"
[2021-05-06T00:04:43.532] [WARN] access - ::1 - - "GET /account HTTP/1.1" 304 - "http://localhost:3000/account/login" "Mozilla/5.0 (Windows NT 10.0; Win64; x64) AppleWebKit/537.36 (KHTML, like Gecko) Chrome/90.0.4430.93 Safari/537.36"
[2021-05-06T00:04:43.545] [ERROR] access - ::1 - - "GET /docs/5.0/dist/js/bootstrap.bundle.min.js HTTP/1.1" 404 6369 "http://localhost:3000/account" "Mozilla/5.0 (Windows NT 10.0; Win64; x64) AppleWebKit/537.36 (KHTML, like Gecko) Chrome/90.0.4430.93 Safari/537.36"
[2021-05-06T00:04:44.662] [WARN] access - ::1 - - "GET /account/article-posting HTTP/1.1" 304 - "http://localhost:3000/account" "Mozilla/5.0 (Windows NT 10.0; Win64; x64) AppleWebKit/537.36 (KHTML, like Gecko) Chrome/90.0.4430.93 Safari/537.36"
[2021-05-06T00:04:44.677] [ERROR] access - ::1 - - "GET /docs/5.0/dist/js/bootstrap.bundle.min.js HTTP/1.1" 404 6369 "http://localhost:3000/account/article-posting" "Mozilla/5.0 (Windows NT 10.0; Win64; x64) AppleWebKit/537.36 (KHTML, like Gecko) Chrome/90.0.4430.93 Safari/537.36"
[2021-05-06T00:04:45.145] [INFO] access - ::1 - - "GET /account/article-list HTTP/1.1" 200 27196 "http://localhost:3000/account/article-posting" "Mozilla/5.0 (Windows NT 10.0; Win64; x64) AppleWebKit/537.36 (KHTML, like Gecko) Chrome/90.0.4430.93 Safari/537.36"
[2021-05-06T00:04:45.166] [ERROR] access - ::1 - - "GET /public20210425203127202104252031271082518%20(2).jpg HTTP/1.1" 404 6369 "http://localhost:3000/account/article-list" "Mozilla/5.0 (Windows NT 10.0; Win64; x64) AppleWebKit/537.36 (KHTML, like Gecko) Chrome/90.0.4430.93 Safari/537.36"
[2021-05-06T00:04:45.169] [ERROR] access - ::1 - - "GET /docs/5.0/dist/js/bootstrap.bundle.min.js HTTP/1.1" 404 6369 "http://localhost:3000/account/article-list" "Mozilla/5.0 (Windows NT 10.0; Win64; x64) AppleWebKit/537.36 (KHTML, like Gecko) Chrome/90.0.4430.93 Safari/537.36"
[2021-05-06T00:05:39.133] [WARN] access - ::1 - - "GET /account/article-list HTTP/1.1" 302 72 "http://localhost:3000/account/article-posting" "Mozilla/5.0 (Windows NT 10.0; Win64; x64) AppleWebKit/537.36 (KHTML, like Gecko) Chrome/90.0.4430.93 Safari/537.36"
[2021-05-06T00:05:39.143] [INFO] access - ::1 - - "GET /account/login HTTP/1.1" 200 1452 "http://localhost:3000/account/article-posting" "Mozilla/5.0 (Windows NT 10.0; Win64; x64) AppleWebKit/537.36 (KHTML, like Gecko) Chrome/90.0.4430.93 Safari/537.36"
[2021-05-06T00:05:42.216] [WARN] access - ::1 - - "POST /account/login HTTP/1.1" 302 60 "http://localhost:3000/account/login" "Mozilla/5.0 (Windows NT 10.0; Win64; x64) AppleWebKit/537.36 (KHTML, like Gecko) Chrome/90.0.4430.93 Safari/537.36"
[2021-05-06T00:05:42.231] [WARN] access - ::1 - - "GET /account HTTP/1.1" 304 - "http://localhost:3000/account/login" "Mozilla/5.0 (Windows NT 10.0; Win64; x64) AppleWebKit/537.36 (KHTML, like Gecko) Chrome/90.0.4430.93 Safari/537.36"
[2021-05-06T00:05:42.248] [ERROR] access - ::1 - - "GET /docs/5.0/dist/js/bootstrap.bundle.min.js HTTP/1.1" 404 6369 "http://localhost:3000/account" "Mozilla/5.0 (Windows NT 10.0; Win64; x64) AppleWebKit/537.36 (KHTML, like Gecko) Chrome/90.0.4430.93 Safari/537.36"
[2021-05-06T00:05:42.255] [ERROR] access - ::1 - - "GET /docs/5.0/dist/js/bootstrap.bundle.min.js HTTP/1.1" 404 6369 "http://localhost:3000/account" "Mozilla/5.0 (Windows NT 10.0; Win64; x64) AppleWebKit/537.36 (KHTML, like Gecko) Chrome/90.0.4430.93 Safari/537.36"
[2021-05-06T00:05:42.940] [INFO] access - ::1 - - "GET /account/article-list HTTP/1.1" 200 27196 "http://localhost:3000/account" "Mozilla/5.0 (Windows NT 10.0; Win64; x64) AppleWebKit/537.36 (KHTML, like Gecko) Chrome/90.0.4430.93 Safari/537.36"
[2021-05-06T00:05:42.963] [ERROR] access - ::1 - - "GET /public20210425203127202104252031271082518%20(2).jpg HTTP/1.1" 404 6369 "http://localhost:3000/account/article-list" "Mozilla/5.0 (Windows NT 10.0; Win64; x64) AppleWebKit/537.36 (KHTML, like Gecko) Chrome/90.0.4430.93 Safari/537.36"
[2021-05-06T00:05:42.968] [ERROR] access - ::1 - - "GET /docs/5.0/dist/js/bootstrap.bundle.min.js HTTP/1.1" 404 6369 "http://localhost:3000/account/article-list" "Mozilla/5.0 (Windows NT 10.0; Win64; x64) AppleWebKit/537.36 (KHTML, like Gecko) Chrome/90.0.4430.93 Safari/537.36"
