[2021-02-09T09:24:46.525] [ERROR] system - Op is not defined
[2021-02-09T09:27:47.649] [ERROR] system - Op is not defined
[2021-02-09T09:27:48.384] [ERROR] system - Op is not defined
[2021-02-09T09:27:48.977] [ERROR] system - Op is not defined
[2021-02-09T09:27:49.120] [ERROR] system - Op is not defined
[2021-02-09T09:27:49.300] [ERROR] system - Op is not defined
[2021-02-09T09:27:49.442] [ERROR] system - Op is not defined
[2021-02-09T09:27:49.616] [ERROR] system - Op is not defined
[2021-02-09T09:27:49.834] [ERROR] system - Op is not defined
[2021-02-09T09:28:47.680] [ERROR] system - Op is not defined
[2021-02-09T09:30:58.940] [ERROR] system - Op is not defined
[2021-02-09T09:31:00.014] [ERROR] system - Op is not defined
[2021-02-09T09:31:00.178] [ERROR] system - Op is not defined
[2021-02-09T09:31:00.302] [ERROR] system - Op is not defined
[2021-02-09T09:31:00.463] [ERROR] system - Op is not defined
[2021-02-09T09:31:03.495] [ERROR] system - Op is not defined
[2021-02-09T09:31:59.158] [ERROR] system - Op is not defined
[2021-02-09T09:34:48.004] [ERROR] system - Op is not defined
[2021-02-09T09:37:55.702] [ERROR] system - Op is not defined
[2021-02-09T09:38:55.429] [ERROR] system - Op is not defined
[2021-02-09T09:39:01.904] [ERROR] system - Op is not defined
[2021-02-09T09:41:10.154] [ERROR] system - Op is not defined
[2021-02-09T09:41:17.822] [ERROR] system - Op is not defined
[2021-02-09T09:41:17.978] [ERROR] system - Op is not defined
[2021-02-09T09:41:18.142] [ERROR] system - Op is not defined
[2021-02-09T09:41:18.277] [ERROR] system - Op is not defined
[2021-02-09T09:41:18.417] [ERROR] system - Op is not defined
[2021-02-09T09:42:31.969] [ERROR] system - Op is not defined
[2021-02-09T09:42:32.742] [ERROR] system - Op is not defined
[2021-02-09T09:42:32.964] [ERROR] system - Op is not defined
[2021-02-09T09:42:35.876] [ERROR] system - Op is not defined
[2021-02-09T09:42:36.376] [ERROR] system - Op is not defined
[2021-02-09T09:42:36.550] [ERROR] system - Op is not defined
[2021-02-09T09:42:36.670] [ERROR] system - Op is not defined
[2021-02-09T09:42:36.819] [ERROR] system - Op is not defined
[2021-02-09T09:42:36.971] [ERROR] system - Op is not defined
[2021-02-09T09:45:18.050] [ERROR] system - Op is not defined
[2021-02-09T09:45:40.737] [ERROR] system - Op is not defined
[2021-02-09T10:22:18.597] [ERROR] system - Op is not defined
[2021-02-09T10:22:42.702] [ERROR] system - Op is not defined
[2021-02-09T10:22:42.833] [ERROR] system - Op is not defined
[2021-02-09T10:22:42.987] [ERROR] system - Op is not defined
[2021-02-09T10:22:43.105] [ERROR] system - Op is not defined
[2021-02-09T10:22:43.230] [ERROR] system - Op is not defined
[2021-02-09T10:26:09.118] [ERROR] system - Op is not defined
[2021-02-09T10:27:21.195] [ERROR] system - Op is not defined
[2021-02-09T10:27:21.783] [ERROR] system - Op is not defined
[2021-02-09T10:27:21.912] [ERROR] system - Op is not defined
[2021-02-09T10:27:51.284] [ERROR] system - Op is not defined
[2021-02-09T10:27:51.929] [ERROR] system - Op is not defined
[2021-02-09T10:27:52.131] [ERROR] system - Op is not defined
[2021-02-09T10:28:49.347] [ERROR] system - Op is not defined
[2021-02-09T10:28:50.016] [ERROR] system - Op is not defined
[2021-02-09T10:29:00.242] [ERROR] system - Op is not defined
[2021-02-09T10:31:00.234] [ERROR] system - search is not defined
[2021-02-09T10:31:03.674] [ERROR] system - search is not defined
[2021-02-09T10:32:23.855] [ERROR] system - search is not defined
[2021-02-09T10:33:05.619] [ERROR] system - search is not defined
[2021-02-09T10:37:56.493] [ERROR] system - search is not defined
[2021-02-09T10:39:52.121] [ERROR] system - search is not defined
[2021-02-09T10:44:46.333] [ERROR] system - Op is not defined
[2021-02-09T10:44:55.910] [ERROR] system - Op is not defined
[2021-02-09T10:45:28.944] [ERROR] system - Op is not defined
[2021-02-09T10:45:33.439] [ERROR] system - Op is not defined
[2021-02-09T10:53:20.013] [ERROR] system - Op is not defined
[2021-02-09T10:53:33.377] [ERROR] system - Op is not defined
[2021-02-09T11:36:06.778] [ERROR] system - Op is not defined
[2021-02-09T11:36:37.579] [ERROR] system - Op is not defined
[2021-02-09T11:36:38.118] [ERROR] system - Op is not defined
[2021-02-09T11:36:38.259] [ERROR] system - Op is not defined
[2021-02-09T11:36:38.418] [ERROR] system - Op is not defined
[2021-02-09T11:36:38.559] [ERROR] system - Op is not defined
[2021-02-09T11:36:38.741] [ERROR] system - Op is not defined
[2021-02-09T11:49:51.893] [ERROR] system - Op is not defined
[2021-02-09T11:51:16.725] [ERROR] system - Op is not defined
[2021-02-09T11:58:52.928] [ERROR] system - C:\prod\app\views\search\index.ejs:23
    21|             <div class="search-item">
    22|   
 >> 23|               <input class="form-control search" type="search" id="keyword" name="keyword" value="<%= keyword %>" action="/search" placeholder="記事検索">
    24|   
    25|               <button class="search-btn" type="submit">
    26|                 <svg version="1.1" id="_x31_0" xmlns="http://www.w3.org/2000/svg"

keyword is not defined
[2021-02-09T11:58:54.110] [ERROR] system - C:\prod\app\views\search\index.ejs:23
    21|             <div class="search-item">
    22|   
 >> 23|               <input class="form-control search" type="search" id="keyword" name="keyword" value="<%= keyword %>" action="/search" placeholder="記事検索">
    24|   
    25|               <button class="search-btn" type="submit">
    26|                 <svg version="1.1" id="_x31_0" xmlns="http://www.w3.org/2000/svg"

keyword is not defined
[2021-02-09T11:58:54.336] [ERROR] system - C:\prod\app\views\search\index.ejs:23
    21|             <div class="search-item">
    22|   
 >> 23|               <input class="form-control search" type="search" id="keyword" name="keyword" value="<%= keyword %>" action="/search" placeholder="記事検索">
    24|   
    25|               <button class="search-btn" type="submit">
    26|                 <svg version="1.1" id="_x31_0" xmlns="http://www.w3.org/2000/svg"

keyword is not defined
[2021-02-10T00:28:18.829] [ERROR] system - C:\prod\app\views\profile\index.ejs:12
    10| <body>
    11| 
 >> 12|   <%- include(".,/_share/header.ejs") %>
    13|     <!--mainコンテンツ-->
    14|     <main class="container mg">
    15| 

Could not find the include file ".,/_share/header.ejs"
[2021-02-13T10:44:41.394] [ERROR] system - check(...).not(...).isEmpty.withMessage is not a function
[2021-02-13T10:44:59.903] [ERROR] system - check(...).not(...).isEmpty.withMessage is not a function
[2021-02-13T10:46:18.753] [ERROR] system - check(...).not(...).isEmpty.withMessage is not a function
[2021-02-13T10:46:23.092] [ERROR] system - check(...).not(...).isEmpty.withMessage is not a function
[2021-02-13T10:46:47.981] [ERROR] system - check(...).not(...).isEmpty.withMessage is not a function
[2021-02-13T10:47:07.998] [ERROR] system - check(...).not(...).isEmpty.withMessage is not a function
[2021-02-13T10:48:59.938] [ERROR] system - check(...).not(...).isEmpty.withMessage is not a function
[2021-02-13T10:49:17.159] [ERROR] system - check(...).not(...).isEmpty.withMessage is not a function
[2021-02-13T10:51:25.131] [ERROR] system - check(...).not(...).isEmpty.withMessage is not a function
[2021-02-13T10:53:32.810] [ERROR] system - check(...).not(...).isEmpty.withMessage is not a function
[2021-02-13T10:53:47.232] [ERROR] system - check(...).not(...).isEmpty.withMessage is not a function
[2021-02-13T10:55:25.296] [ERROR] system - check(...).not(...).isEmpty.withMessage is not a function
[2021-02-13T12:10:53.233] [ERROR] system - check(...).not(...).isEmpty.withMessage is not a function
[2021-02-13T12:18:10.899] [ERROR] system - check(...).not(...).isEmpty.withMessage is not a function
[2021-02-13T12:24:53.595] [ERROR] system - check(...).not(...).isEmpty.withMessage is not a function
[2021-02-13T12:57:31.594] [ERROR] system - C:\prod\app\views\contact\index.ejs:24
    22|               <% var errors=locals.errors || {}; var original=locals.original || {}; %>
    23|                 <div class="form-group">
 >> 24|                   <label for="name">お名前<%if (locals.errors) {%><span><%=errors[0].msg%></span><%}%></label>
    25|                   <input class="form-control" id="name" name="name" type="text" value="<%= original.name %>">
    26|                 </div>
    27|                 <div class="form-group">

Cannot read property 'msg' of undefined
[2021-02-13T12:57:37.710] [ERROR] system - C:\prod\app\views\contact\index.ejs:24
    22|               <% var errors=locals.errors || {}; var original=locals.original || {}; %>
    23|                 <div class="form-group">
 >> 24|                   <label for="name">お名前<%if (locals.errors) {%><span><%=errors[0].msg%></span><%}%></label>
    25|                   <input class="form-control" id="name" name="name" type="text" value="<%= original.name %>">
    26|                 </div>
    27|                 <div class="form-group">

Cannot read property 'msg' of undefined
[2021-02-13T16:36:41.693] [ERROR] system - C:\prod\app\views\contact\index.ejs:24
    22|               <% var errors=locals.errors || {}; var original=locals.original || {}; %>
    23|                 <div class="form-group">
 >> 24|                   <label for="name">お名前<%if (locals.errors) {%><span><%=errors[0].msg%></span><%}%></label>
    25|                   <input class="form-control" id="name" name="name" type="text" value="<%= original.name %>">
    26|                 </div>
    27|                 <div class="form-group">

Cannot read property 'msg' of undefined
[2021-02-13T16:37:50.216] [ERROR] system - Cannot read property 'msg' of undefined
[2021-02-13T16:38:31.924] [ERROR] system - C:\prod\app\views\contact\index.ejs:24
    22|               <% var errors=locals.errors || {}; var original=locals.original || {}; %>
    23|                 <div class="form-group">
 >> 24|                   <label for="name">お名前<%if (locals.errors) {%><span><%=errors[0].msg%></span><%}%></label>
    25|                   <input class="form-control" id="name" name="name" type="text" value="<%= original.name %>">
    26|                 </div>
    27|                 <div class="form-group">

Cannot read property 'msg' of undefined
[2021-02-13T16:39:18.183] [ERROR] system - C:\prod\app\views\contact\index.ejs:24
    22|               <% var errors=locals.errors || {}; var original=locals.original || {}; %>
    23|                 <div class="form-group">
 >> 24|                   <label for="name">お名前<%if (locals.errors) {%><span><%=errors[0].msg%></span><%}%></label>
    25|                   <input class="form-control" id="name" name="name" type="text" value="<%= original.name %>">
    26|                 </div>
    27|                 <div class="form-group">

Cannot read property 'msg' of undefined
[2021-02-13T16:39:32.405] [ERROR] system - C:\prod\app\views\contact\index.ejs:24
    22|               <% var errors=locals.errors || {}; var original=locals.original || {}; %>
    23|                 <div class="form-group">
 >> 24|                   <label for="name">お名前<%if (locals.errors) {%><span><%=errors[0].msg%></span><%}%></label>
    25|                   <input class="form-control" id="name" name="name" type="text" value="<%= original.name %>">
    26|                 </div>
    27|                 <div class="form-group">

Cannot read property 'msg' of undefined
[2021-02-13T16:39:53.592] [ERROR] system - C:\prod\app\views\contact\index.ejs:24
    22|               <% var errors=locals.errors || {}; var original=locals.original || {}; %>
    23|                 <div class="form-group">
 >> 24|                   <label for="name">お名前<%if (locals.errors) {%><span><%=errors[0].msg%></span><%}%></label>
    25|                   <input class="form-control" id="name" name="name" type="text" value="<%= original.name %>">
    26|                 </div>
    27|                 <div class="form-group">

Cannot read property 'msg' of undefined
[2021-02-15T00:47:20.648] [ERROR] system - Cannot read property 'msg' of undefined
[2021-02-16T23:27:17.338] [ERROR] system - C:\prod\app\views\contact\index.ejs:23
    21|               <!--初回アクセス時にlocals.originalやlocals.errorsは存在しない-->
    22|               <% var original=locals.original || {}; %>
 >> 23|                 <% if (message) { %>
    24|                   <div class="error-message">
    25|                     入力内容に問題があります。確認して再度お試しください。
    26|                   </div>

message is not defined
[2021-02-16T23:28:27.314] [ERROR] system - C:\prod\app\views\contact\index.ejs:29
    27|                   <% } %>
    28|                     <div class="form-group">
 >> 29|                       <label for="name">お名前（必須）<% if (message.name) { %><span>※<%= message.name %></span><% } %></label>
    30|                       <input class="form-control" id="name" name="name" type="text" value="<%= original.name %>">
    31|                     </div>
    32|                     <div class="form-group">

Cannot read property 'name' of undefined
[2021-02-16T23:28:28.205] [ERROR] system - C:\prod\app\views\contact\index.ejs:29
    27|                   <% } %>
    28|                     <div class="form-group">
 >> 29|                       <label for="name">お名前（必須）<% if (message.name) { %><span>※<%= message.name %></span><% } %></label>
    30|                       <input class="form-control" id="name" name="name" type="text" value="<%= original.name %>">
    31|                     </div>
    32|                     <div class="form-group">

Cannot read property 'name' of undefined
[2021-02-16T23:28:34.339] [ERROR] system - C:\prod\app\views\contact\index.ejs:29
    27|                   <% } %>
    28|                     <div class="form-group">
 >> 29|                       <label for="name">お名前（必須）<% if (message.name) { %><span>※<%= message.name %></span><% } %></label>
    30|                       <input class="form-control" id="name" name="name" type="text" value="<%= original.name %>">
    31|                     </div>
    32|                     <div class="form-group">

Cannot read property 'name' of undefined
[2021-02-19T19:27:04.933] [ERROR] system - Cannot set headers after they are sent to the client
[2021-02-19T19:27:11.367] [ERROR] system - Cannot set headers after they are sent to the client
